   1              	 .cpu cortex-m0
   2              	 .fpu softvfp
   3              	 .eabi_attribute 20,1
   4              	 .eabi_attribute 21,1
   5              	 .eabi_attribute 23,3
   6              	 .eabi_attribute 24,1
   7              	 .eabi_attribute 25,1
   8              	 .eabi_attribute 26,1
   9              	 .eabi_attribute 30,6
  10              	 .eabi_attribute 34,0
  11              	 .eabi_attribute 18,4
  12              	 .code 16
  13              	 .file "MyoHand.c"
  14              	 .text
  15              	.Ltext0:
  16              	 .cfi_sections .debug_frame
  17              	 .section .text.MyoHandINIT,"ax",%progbits
  18              	 .align 2
  19              	 .global MyoHandINIT
  20              	 .code 16
  21              	 .thumb_func
  23              	MyoHandINIT:
  24              	.LFB0:
  25              	 .file 1 "../Drivers/MyoHand.c"
   1:../Drivers/MyoHand.c **** //
   2:../Drivers/MyoHand.c **** //  MyoHand.c
   3:../Drivers/MyoHand.c **** //  MyoSensor
   4:../Drivers/MyoHand.c **** //
   5:../Drivers/MyoHand.c **** //  Created by Hector Dominguez on 10/27/18.
   6:../Drivers/MyoHand.c **** //  Copyright © 2018 Hector Dominguez. All rights reserved.
   7:../Drivers/MyoHand.c **** //
   8:../Drivers/MyoHand.c **** 
   9:../Drivers/MyoHand.c **** #include "MyoHand.h"
  10:../Drivers/MyoHand.c **** 
  11:../Drivers/MyoHand.c **** 
  12:../Drivers/MyoHand.c **** 
  13:../Drivers/MyoHand.c **** //Initializer
  14:../Drivers/MyoHand.c **** void MyoHandINIT(struct MyoHand * myohandPtr)
  15:../Drivers/MyoHand.c **** {
  26              	 .loc 1 15 0
  27              	 .cfi_startproc
  28 0000 90B5     	 push {r4,r7,lr}
  29              	.LCFI0:
  30              	 .cfi_def_cfa_offset 12
  31              	 .cfi_offset 4,-12
  32              	 .cfi_offset 7,-8
  33              	 .cfi_offset 14,-4
  34 0002 87B0     	 sub sp,sp,#28
  35              	.LCFI1:
  36              	 .cfi_def_cfa_offset 40
  37 0004 00AF     	 add r7,sp,#0
  38              	.LCFI2:
  39              	 .cfi_def_cfa_register 7
  40 0006 7860     	 str r0,[r7,#4]
  16:../Drivers/MyoHand.c **** 	MyoDataCollectorINIT(&myohandPtr->sensorBuffer);
  41              	 .loc 1 16 0
  42 0008 7B68     	 ldr r3,[r7,#4]
  43 000a 181C     	 mov r0,r3
  44 000c FFF7FEFF 	 bl MyoDataCollectorINIT
  17:../Drivers/MyoHand.c ****     struct FourTuple zeroVals;
  18:../Drivers/MyoHand.c ****     zeroVals.index = 0;
  45              	 .loc 1 18 0
  46 0010 0823     	 mov r3,#8
  47 0012 FB18     	 add r3,r7,r3
  48 0014 0022     	 mov r2,#0
  49 0016 5A60     	 str r2,[r3,#4]
  19:../Drivers/MyoHand.c ****     zeroVals.middle = 0;
  50              	 .loc 1 19 0
  51 0018 0823     	 mov r3,#8
  52 001a FB18     	 add r3,r7,r3
  53 001c 0022     	 mov r2,#0
  54 001e 9A60     	 str r2,[r3,#8]
  20:../Drivers/MyoHand.c ****     zeroVals.thumb = 0;
  55              	 .loc 1 20 0
  56 0020 0823     	 mov r3,#8
  57 0022 FB18     	 add r3,r7,r3
  58 0024 0022     	 mov r2,#0
  59 0026 1A60     	 str r2,[r3]
  21:../Drivers/MyoHand.c ****     zeroVals.rp = 0;
  60              	 .loc 1 21 0
  61 0028 0823     	 mov r3,#8
  62 002a FB18     	 add r3,r7,r3
  63 002c 0022     	 mov r2,#0
  64 002e DA60     	 str r2,[r3,#12]
  22:../Drivers/MyoHand.c **** 
  23:../Drivers/MyoHand.c ****     myohandPtr->yvalI = zeroVals;
  65              	 .loc 1 23 0
  66 0030 7B68     	 ldr r3,[r7,#4]
  67 0032 104A     	 ldr r2,.L2
  68 0034 0821     	 mov r1,#8
  69 0036 7918     	 add r1,r7,r1
  70 0038 9B18     	 add r3,r3,r2
  71 003a 0A1C     	 mov r2,r1
  72 003c 13CA     	 ldmia r2!,{r0,r1,r4}
  73 003e 13C3     	 stmia r3!,{r0,r1,r4}
  74 0040 1268     	 ldr r2,[r2]
  75 0042 1A60     	 str r2,[r3]
  24:../Drivers/MyoHand.c ****     myohandPtr->yR = zeroVals;
  76              	 .loc 1 24 0
  77 0044 7B68     	 ldr r3,[r7,#4]
  78 0046 0C4A     	 ldr r2,.L2+4
  79 0048 0821     	 mov r1,#8
  80 004a 7918     	 add r1,r7,r1
  81 004c 9B18     	 add r3,r3,r2
  82 004e 0A1C     	 mov r2,r1
  83 0050 13CA     	 ldmia r2!,{r0,r1,r4}
  84 0052 13C3     	 stmia r3!,{r0,r1,r4}
  85 0054 1268     	 ldr r2,[r2]
  86 0056 1A60     	 str r2,[r3]
  25:../Drivers/MyoHand.c ****     myohandPtr->yC = zeroVals;
  87              	 .loc 1 25 0
  88 0058 7B68     	 ldr r3,[r7,#4]
  89 005a 084A     	 ldr r2,.L2+8
  90 005c 0821     	 mov r1,#8
  91 005e 7918     	 add r1,r7,r1
  92 0060 9B18     	 add r3,r3,r2
  93 0062 0A1C     	 mov r2,r1
  94 0064 13CA     	 ldmia r2!,{r0,r1,r4}
  95 0066 13C3     	 stmia r3!,{r0,r1,r4}
  96 0068 1268     	 ldr r2,[r2]
  97 006a 1A60     	 str r2,[r3]
  26:../Drivers/MyoHand.c **** 
  27:../Drivers/MyoHand.c **** }
  98              	 .loc 1 27 0
  99 006c BD46     	 mov sp,r7
 100 006e 07B0     	 add sp,sp,#28
 101              	 
 102 0070 90BD     	 pop {r4,r7,pc}
 103              	.L3:
 104 0072 C046     	 .align 2
 105              	.L2:
 106 0074 DC2B0000 	 .word 11228
 107 0078 EC2B0000 	 .word 11244
 108 007c FC2B0000 	 .word 11260
 109              	 .cfi_endproc
 110              	.LFE0:
 112              	 .global __aeabi_idiv
 113              	 .section .text.GetActivationLevels,"ax",%progbits
 114              	 .align 2
 115              	 .global GetActivationLevels
 116              	 .code 16
 117              	 .thumb_func
 119              	GetActivationLevels:
 120              	.LFB1:
  28:../Drivers/MyoHand.c **** 
  29:../Drivers/MyoHand.c **** //Computes yvalI for each finger
  30:../Drivers/MyoHand.c **** // yvalI = (filteredY - yR)/(yC - yR)
  31:../Drivers/MyoHand.c **** // get activation will ask MyoDataCollector for the yVal
  32:../Drivers/MyoHand.c **** struct FourTuple GetActivationLevels(struct MyoHand * myohandPtr)
  33:../Drivers/MyoHand.c **** {
 121              	 .loc 1 33 0
 122              	 .cfi_startproc
 123 0000 90B5     	 push {r4,r7,lr}
 124              	.LCFI3:
 125              	 .cfi_def_cfa_offset 12
 126              	 .cfi_offset 4,-12
 127              	 .cfi_offset 7,-8
 128              	 .cfi_offset 14,-4
 129 0002 8FB0     	 sub sp,sp,#60
 130              	.LCFI4:
 131              	 .cfi_def_cfa_offset 72
 132 0004 00AF     	 add r7,sp,#0
 133              	.LCFI5:
 134              	 .cfi_def_cfa_register 7
 135 0006 7860     	 str r0,[r7,#4]
 136 0008 3960     	 str r1,[r7]
  34:../Drivers/MyoHand.c ****     struct FourTuple filterReading = myohandPtr->sensorBuffer.averages;
 137              	 .loc 1 34 0
 138 000a 2823     	 mov r3,#40
 139 000c FA18     	 add r2,r7,r3
 140 000e 3B68     	 ldr r3,[r7]
 141 0010 3F49     	 ldr r1,.L6
 142 0012 5B18     	 add r3,r3,r1
 143 0014 13CB     	 ldmia r3!,{r0,r1,r4}
 144 0016 13C2     	 stmia r2!,{r0,r1,r4}
 145 0018 1B68     	 ldr r3,[r3]
 146 001a 1360     	 str r3,[r2]
  35:../Drivers/MyoHand.c ****     struct FourTuple yRs = myohandPtr->yR;
 147              	 .loc 1 35 0
 148 001c 1823     	 mov r3,#24
 149 001e FA18     	 add r2,r7,r3
 150 0020 3B68     	 ldr r3,[r7]
 151 0022 3C49     	 ldr r1,.L6+4
 152 0024 5B18     	 add r3,r3,r1
 153 0026 13CB     	 ldmia r3!,{r0,r1,r4}
 154 0028 13C2     	 stmia r2!,{r0,r1,r4}
 155 002a 1B68     	 ldr r3,[r3]
 156 002c 1360     	 str r3,[r2]
  36:../Drivers/MyoHand.c ****     struct FourTuple yCs = myohandPtr->yC;
 157              	 .loc 1 36 0
 158 002e 0823     	 mov r3,#8
 159 0030 FA18     	 add r2,r7,r3
 160 0032 3B68     	 ldr r3,[r7]
 161 0034 3849     	 ldr r1,.L6+8
 162 0036 5B18     	 add r3,r3,r1
 163 0038 13CB     	 ldmia r3!,{r0,r1,r4}
 164 003a 13C2     	 stmia r2!,{r0,r1,r4}
 165 003c 1B68     	 ldr r3,[r3]
 166 003e 1360     	 str r3,[r2]
  37:../Drivers/MyoHand.c ****     
  38:../Drivers/MyoHand.c ****     myohandPtr->yvalI.index = (filterReading.index - yRs.index)/(yCs.index - yRs.index);
 167              	 .loc 1 38 0
 168 0040 2823     	 mov r3,#40
 169 0042 FB18     	 add r3,r7,r3
 170 0044 5A68     	 ldr r2,[r3,#4]
 171 0046 1823     	 mov r3,#24
 172 0048 FB18     	 add r3,r7,r3
 173 004a 5B68     	 ldr r3,[r3,#4]
 174 004c D11A     	 sub r1,r2,r3
 175 004e 0823     	 mov r3,#8
 176 0050 FB18     	 add r3,r7,r3
 177 0052 5A68     	 ldr r2,[r3,#4]
 178 0054 1823     	 mov r3,#24
 179 0056 FB18     	 add r3,r7,r3
 180 0058 5B68     	 ldr r3,[r3,#4]
 181 005a D31A     	 sub r3,r2,r3
 182 005c 081C     	 mov r0,r1
 183 005e 191C     	 mov r1,r3
 184 0060 FFF7FEFF 	 bl __aeabi_idiv
 185 0064 031C     	 mov r3,r0
 186 0066 191C     	 mov r1,r3
 187 0068 3B68     	 ldr r3,[r7]
 188 006a 2C4A     	 ldr r2,.L6+12
 189 006c 9950     	 str r1,[r3,r2]
  39:../Drivers/MyoHand.c ****     myohandPtr->yvalI.middle = (filterReading.middle - yRs.middle)/(yCs.middle - yRs.middle);
 190              	 .loc 1 39 0
 191 006e 2823     	 mov r3,#40
 192 0070 FB18     	 add r3,r7,r3
 193 0072 9A68     	 ldr r2,[r3,#8]
 194 0074 1823     	 mov r3,#24
 195 0076 FB18     	 add r3,r7,r3
 196 0078 9B68     	 ldr r3,[r3,#8]
 197 007a D11A     	 sub r1,r2,r3
 198 007c 0823     	 mov r3,#8
 199 007e FB18     	 add r3,r7,r3
 200 0080 9A68     	 ldr r2,[r3,#8]
 201 0082 1823     	 mov r3,#24
 202 0084 FB18     	 add r3,r7,r3
 203 0086 9B68     	 ldr r3,[r3,#8]
 204 0088 D31A     	 sub r3,r2,r3
 205 008a 081C     	 mov r0,r1
 206 008c 191C     	 mov r1,r3
 207 008e FFF7FEFF 	 bl __aeabi_idiv
 208 0092 031C     	 mov r3,r0
 209 0094 191C     	 mov r1,r3
 210 0096 3B68     	 ldr r3,[r7]
 211 0098 214A     	 ldr r2,.L6+16
 212 009a 9950     	 str r1,[r3,r2]
  40:../Drivers/MyoHand.c ****     myohandPtr->yvalI.thumb = (filterReading.thumb - yRs.thumb)/(yCs.thumb - yRs.thumb);
 213              	 .loc 1 40 0
 214 009c 2823     	 mov r3,#40
 215 009e FB18     	 add r3,r7,r3
 216 00a0 1A68     	 ldr r2,[r3]
 217 00a2 1823     	 mov r3,#24
 218 00a4 FB18     	 add r3,r7,r3
 219 00a6 1B68     	 ldr r3,[r3]
 220 00a8 D11A     	 sub r1,r2,r3
 221 00aa 0823     	 mov r3,#8
 222 00ac FB18     	 add r3,r7,r3
 223 00ae 1A68     	 ldr r2,[r3]
 224 00b0 1823     	 mov r3,#24
 225 00b2 FB18     	 add r3,r7,r3
 226 00b4 1B68     	 ldr r3,[r3]
 227 00b6 D31A     	 sub r3,r2,r3
 228 00b8 081C     	 mov r0,r1
 229 00ba 191C     	 mov r1,r3
 230 00bc FFF7FEFF 	 bl __aeabi_idiv
 231 00c0 031C     	 mov r3,r0
 232 00c2 191C     	 mov r1,r3
 233 00c4 3B68     	 ldr r3,[r7]
 234 00c6 174A     	 ldr r2,.L6+20
 235 00c8 9950     	 str r1,[r3,r2]
  41:../Drivers/MyoHand.c ****     myohandPtr->yvalI.rp = (filterReading.rp - yRs.rp)/(yCs.rp - yRs.rp);
 236              	 .loc 1 41 0
 237 00ca 2823     	 mov r3,#40
 238 00cc FB18     	 add r3,r7,r3
 239 00ce DA68     	 ldr r2,[r3,#12]
 240 00d0 1823     	 mov r3,#24
 241 00d2 FB18     	 add r3,r7,r3
 242 00d4 DB68     	 ldr r3,[r3,#12]
 243 00d6 D11A     	 sub r1,r2,r3
 244 00d8 0823     	 mov r3,#8
 245 00da FB18     	 add r3,r7,r3
 246 00dc DA68     	 ldr r2,[r3,#12]
 247 00de 1823     	 mov r3,#24
 248 00e0 FB18     	 add r3,r7,r3
 249 00e2 DB68     	 ldr r3,[r3,#12]
 250 00e4 D31A     	 sub r3,r2,r3
 251 00e6 081C     	 mov r0,r1
 252 00e8 191C     	 mov r1,r3
 253 00ea FFF7FEFF 	 bl __aeabi_idiv
 254 00ee 031C     	 mov r3,r0
 255 00f0 191C     	 mov r1,r3
 256 00f2 3B68     	 ldr r3,[r7]
 257 00f4 0C4A     	 ldr r2,.L6+24
 258 00f6 9950     	 str r1,[r3,r2]
  42:../Drivers/MyoHand.c ****     
  43:../Drivers/MyoHand.c ****     return myohandPtr->yvalI;
 259              	 .loc 1 43 0
 260 00f8 7A68     	 ldr r2,[r7,#4]
 261 00fa 3B68     	 ldr r3,[r7]
 262 00fc 0949     	 ldr r1,.L6+20
 263 00fe 5B18     	 add r3,r3,r1
 264 0100 13CB     	 ldmia r3!,{r0,r1,r4}
 265 0102 13C2     	 stmia r2!,{r0,r1,r4}
 266 0104 1B68     	 ldr r3,[r3]
 267 0106 1360     	 str r3,[r2]
  44:../Drivers/MyoHand.c **** }
 268              	 .loc 1 44 0
 269 0108 7868     	 ldr r0,[r7,#4]
 270 010a BD46     	 mov sp,r7
 271 010c 0FB0     	 add sp,sp,#60
 272              	 
 273 010e 90BD     	 pop {r4,r7,pc}
 274              	.L7:
 275              	 .align 2
 276              	.L6:
 277 0110 CC2B0000 	 .word 11212
 278 0114 EC2B0000 	 .word 11244
 279 0118 FC2B0000 	 .word 11260
 280 011c E02B0000 	 .word 11232
 281 0120 E42B0000 	 .word 11236
 282 0124 DC2B0000 	 .word 11228
 283 0128 E82B0000 	 .word 11240
 284              	 .cfi_endproc
 285              	.LFE1:
 287              	 .section .text.delayMils,"ax",%progbits
 288              	 .align 2
 289              	 .global delayMils
 290              	 .code 16
 291              	 .thumb_func
 293              	delayMils:
 294              	.LFB2:
  45:../Drivers/MyoHand.c **** 
  46:../Drivers/MyoHand.c **** 
  47:../Drivers/MyoHand.c **** 
  48:../Drivers/MyoHand.c **** void delayMils(uint x)
  49:../Drivers/MyoHand.c **** {
 295              	 .loc 1 49 0
 296              	 .cfi_startproc
 297 0000 80B5     	 push {r7,lr}
 298              	.LCFI6:
 299              	 .cfi_def_cfa_offset 8
 300              	 .cfi_offset 7,-8
 301              	 .cfi_offset 14,-4
 302 0002 84B0     	 sub sp,sp,#16
 303              	.LCFI7:
 304              	 .cfi_def_cfa_offset 24
 305 0004 00AF     	 add r7,sp,#0
 306              	.LCFI8:
 307              	 .cfi_def_cfa_register 7
 308 0006 7860     	 str r0,[r7,#4]
  50:../Drivers/MyoHand.c **** 	volatile int i = 0;
 309              	 .loc 1 50 0
 310 0008 0023     	 mov r3,#0
 311 000a FB60     	 str r3,[r7,#12]
  51:../Drivers/MyoHand.c **** 	while(x > 0){
 312              	 .loc 1 51 0
 313 000c 0CE0     	 b .L9
 314              	.L12:
  52:../Drivers/MyoHand.c **** 		for(; i < 2307; i++);
 315              	 .loc 1 52 0
 316 000e 02E0     	 b .L10
 317              	.L11:
 318              	 .loc 1 52 0 is_stmt 0 discriminator 2
 319 0010 FB68     	 ldr r3,[r7,#12]
 320 0012 0133     	 add r3,r3,#1
 321 0014 FB60     	 str r3,[r7,#12]
 322              	.L10:
 323              	 .loc 1 52 0 discriminator 1
 324 0016 FB68     	 ldr r3,[r7,#12]
 325 0018 064A     	 ldr r2,.L13
 326 001a 9342     	 cmp r3,r2
 327 001c F8DD     	 ble .L11
  53:../Drivers/MyoHand.c **** 		i = 0;
 328              	 .loc 1 53 0 is_stmt 1
 329 001e 0023     	 mov r3,#0
 330 0020 FB60     	 str r3,[r7,#12]
  54:../Drivers/MyoHand.c **** 		x--;
 331              	 .loc 1 54 0
 332 0022 7B68     	 ldr r3,[r7,#4]
 333 0024 013B     	 sub r3,r3,#1
 334 0026 7B60     	 str r3,[r7,#4]
 335              	.L9:
  51:../Drivers/MyoHand.c **** 		for(; i < 2307; i++);
 336              	 .loc 1 51 0
 337 0028 7B68     	 ldr r3,[r7,#4]
 338 002a 002B     	 cmp r3,#0
 339 002c EFD1     	 bne .L12
  55:../Drivers/MyoHand.c **** 
  56:../Drivers/MyoHand.c **** 	}
  57:../Drivers/MyoHand.c **** }
 340              	 .loc 1 57 0
 341 002e BD46     	 mov sp,r7
 342 0030 04B0     	 add sp,sp,#16
 343              	 
 344 0032 80BD     	 pop {r7,pc}
 345              	.L14:
 346              	 .align 2
 347              	.L13:
 348 0034 02090000 	 .word 2306
 349              	 .cfi_endproc
 350              	.LFE2:
 352              	 .text
 353              	.Letext0:
 354              	 .file 2 "../Drivers/MyoDataCollector.h"
 355              	 .file 3 "../Drivers/MyoHand.h"
 356              	 .file 4 "n:\\eecs 473\\dave_4-4-2_64bit_2018-02-23\\dave-ide-4.4.2-64bit\\eclipse\\arm-gcc-49\\arm-none-eabi\\include\\sys\\types.h"
DEFINED SYMBOLS
                            *ABS*:00000000 MyoHand.c
    {standard input}:18     .text.MyoHandINIT:00000000 $t
    {standard input}:23     .text.MyoHandINIT:00000000 MyoHandINIT
    {standard input}:106    .text.MyoHandINIT:00000074 $d
    {standard input}:114    .text.GetActivationLevels:00000000 $t
    {standard input}:119    .text.GetActivationLevels:00000000 GetActivationLevels
    {standard input}:277    .text.GetActivationLevels:00000110 $d
    {standard input}:288    .text.delayMils:00000000 $t
    {standard input}:293    .text.delayMils:00000000 delayMils
    {standard input}:348    .text.delayMils:00000034 $d
                     .debug_frame:00000010 $d

UNDEFINED SYMBOLS
MyoDataCollectorINIT
__aeabi_idiv
