   1              	 .cpu cortex-m0
   2              	 .fpu softvfp
   3              	 .eabi_attribute 20,1
   4              	 .eabi_attribute 21,1
   5              	 .eabi_attribute 23,3
   6              	 .eabi_attribute 24,1
   7              	 .eabi_attribute 25,1
   8              	 .eabi_attribute 26,1
   9              	 .eabi_attribute 30,6
  10              	 .eabi_attribute 34,0
  11              	 .eabi_attribute 18,4
  12              	 .code 16
  13              	 .file "interrupt_conf.c"
  14              	 .text
  15              	.Ltext0:
  16              	 .cfi_sections .debug_frame
  17              	 .global samplingInterrupt
  18              	 .section .rodata.samplingInterrupt,"a",%progbits
  19              	 .align 2
  22              	samplingInterrupt:
  23 0000 0100     	 .short 1
  24 0002 15       	 .byte 21
  25 0003 03       	 .byte 3
  26 0004 00       	 .byte 0
  27 0005 00       	 .space 1
  28              	 .global printingValueInterrupt
  29 0006 0000     	 .section .rodata.printingValueInterrupt,"a",%progbits
  30              	 .align 2
  33              	printingValueInterrupt:
  34 0000 0200     	 .short 2
  35 0002 00       	 .byte 0
  36 0003 02       	 .byte 2
  37 0004 00       	 .byte 0
  38 0005 00       	 .space 1
  39 0006 0000     	 .text
  40              	.Letext0:
  41              	 .file 1 "n:\\eecs 473\\dave_4-4-2_64bit_2018-02-23\\dave-ide-4.4.2-64bit\\eclipse\\arm-gcc-49\\arm-none-eabi\\include\\machine\\_default_types.h"
  42              	 .file 2 "n:\\eecs 473\\dave_4-4-2_64bit_2018-02-23\\dave-ide-4.4.2-64bit\\eclipse\\arm-gcc-49\\arm-none-eabi\\include\\stdint.h"
  43              	 .file 3 "N:/EECS 473/Myoelectric/myoelectric/Libraries/CMSIS/Infineon/XMC1400_series/Include/XMC1400.h"
  44              	 .file 4 "N:/EECS 473/Myoelectric/myoelectric/Libraries/XMCLib/inc/xmc1_scu.h"
  45              	 .file 5 "../Dave/Generated/INTERRUPT/interrupt.h"
  46              	 .file 6 "N:/EECS 473/Myoelectric/myoelectric/Libraries/CMSIS/Infineon/XMC1400_series/Include/system_XMC1400.h"
  47              	 .file 7 "../Dave/Generated/INTERRUPT/interrupt_conf.c"
DEFINED SYMBOLS
                            *ABS*:00000000 interrupt_conf.c
    {standard input}:22     .rodata.samplingInterrupt:00000000 samplingInterrupt
    {standard input}:19     .rodata.samplingInterrupt:00000000 $d
    {standard input}:33     .rodata.printingValueInterrupt:00000000 printingValueInterrupt
    {standard input}:30     .rodata.printingValueInterrupt:00000000 $d

NO UNDEFINED SYMBOLS
